[35m[1mConsolidate compiler generated dependencies of target demo01_action_service[0m
[35m[1mConsolidate compiler generated dependencies of target demo02_action_client[0m
[ 75%] Built target demo01_action_service
[ 75%] [32mBuilding CXX object CMakeFiles/demo02_action_client.dir/src/demo02_action_client.cpp.o[0m
[01m[K/home/zhangjinrui/AppDisk/learn_ros2/ROS2/ws02_piumbing/src/cpp03_action/src/demo02_action_client.cpp:[m[K In member function â€˜[01m[Kvoid ActionClient::handle_sigint()[m[Kâ€™:
[01m[K/home/zhangjinrui/AppDisk/learn_ros2/ROS2/ws02_piumbing/src/cpp03_action/src/demo02_action_client.cpp:106:55:[m[K [01;31m[Kerror: [m[Kâ€˜[01m[Kusing element_type = class rclcpp_action::ClientGoalHandle<base_interfaces_demo::action::Progress>[m[Kâ€™ {aka â€˜[01m[Kclass rclcpp_action::ClientGoalHandle<base_interfaces_demo::action::Progress>[m[Kâ€™} has no member named â€˜[01m[Kis_active[m[Kâ€™
  106 |     if (current_goal_handle_ && current_goal_handle_->[01;31m[Kis_active[m[K()) {
      |                                                       [01;31m[K^~~~~~~~~[m[K
gmake[2]: *** [CMakeFiles/demo02_action_client.dir/build.make:76ï¼šCMakeFiles/demo02_action_client.dir/src/demo02_action_client.cpp.o] é”™è¯¯ 1
gmake[1]: *** [CMakeFiles/Makefile2:165ï¼šCMakeFiles/demo02_action_client.dir/all] é”™è¯¯ 2
gmake: *** [Makefile:146ï¼šall] é”™è¯¯ 2
